   1               		.file	"main.c"
   2               	__SP_H__ = 0x3e
   3               	__SP_L__ = 0x3d
   4               	__SREG__ = 0x3f
   5               	__tmp_reg__ = 0
   6               	__zero_reg__ = 1
   8               		.text
   9               	.Ltext0:
  11               		.section	.rodata.str1.1,"aMS",@progbits,1
  12               	.LC0:
  13 0000 00        		.string	""
  14               		.text
  19               	.global	__vector_11
  21               	__vector_11:
   1:src/main.c    **** /*
   2:src/main.c    ****  * Created by gt on 1/2/22 - 9:26 PM.
   3:src/main.c    ****  * Copyright (c) 2022 GTXC. All rights reserved.
   4:src/main.c    ****  */
   5:src/main.c    **** 
   6:src/main.c    **** #include <avr/io.h>
   7:src/main.c    **** #include <util/delay.h>
   8:src/main.c    **** #include "LCDmodule.h"
   9:src/main.c    **** #include <avr/interrupt.h>
  10:src/main.c    **** 
  11:src/main.c    **** void PrintByte(char *OutputString,
  12:src/main.c    ****                char *PromptString,
  13:src/main.c    ****                char ByteVar);
  14:src/main.c    **** 
  15:src/main.c    **** ISR(TIMER1_COMPA_vect) {
  23               	.LM0:
  24               	.LFBB1:
  25 0000 1F92      		push r1
  26 0002 0F92      		push r0
  27 0004 0FB6      		in r0,__SREG__
  28 0006 0F92      		push r0
  29 0008 1124      		clr __zero_reg__
  30 000a 2F93      		push r18
  31 000c 3F93      		push r19
  32 000e 4F93      		push r20
  33 0010 5F93      		push r21
  34 0012 6F93      		push r22
  35 0014 7F93      		push r23
  36 0016 8F93      		push r24
  37 0018 9F93      		push r25
  38 001a AF93      		push r26
  39 001c BF93      		push r27
  40 001e EF93      		push r30
  41 0020 FF93      		push r31
  42               	/* prologue: Signal */
  43               	/* frame size = 0 */
  44               	/* stack size = 15 */
  45               	.L__stack_usage = 15
  16:src/main.c    ****     static char str[16];
  17:src/main.c    ****     static unsigned char result;
  18:src/main.c    ****     static unsigned char atten = 1;
  19:src/main.c    **** 
  20:src/main.c    ****     static int pind0_curr = 0;
  21:src/main.c    ****     static int pind1_curr = 0;
  22:src/main.c    ****     static int pind0_prev, pind1_prev;
  23:src/main.c    **** 
  24:src/main.c    ****     PORTD |= _BV(PIND4);
  47               	.LM1:
  48 0022 5C9A      		sbi 0xb,4
  25:src/main.c    **** 
  26:src/main.c    ****     pind0_prev = pind0_curr;
  50               	.LM2:
  51 0024 6091 0000 		lds r22,pind0_curr.6
  52 0028 7091 0000 		lds r23,pind0_curr.6+1
  27:src/main.c    ****     pind1_prev = pind1_curr;
  54               	.LM3:
  55 002c 2091 0000 		lds r18,pind1_curr.4
  56 0030 3091 0000 		lds r19,pind1_curr.4+1
  28:src/main.c    ****     pind0_curr = PIND & _BV(PIND0);
  58               	.LM4:
  59 0034 89B1      		in r24,0x9
  60 0036 482F      		mov r20,r24
  61 0038 4170      		andi r20,lo8(1)
  63               	.LM5:
  64 003a 8170      		andi r24,1
  65 003c 8093 0000 		sts pind0_curr.6,r24
  66 0040 1092 0000 		sts pind0_curr.6+1,__zero_reg__
  29:src/main.c    ****     pind1_curr = PIND & _BV(PIND1);
  68               	.LM6:
  69 0044 99B1      		in r25,0x9
  70 0046 9270      		andi r25,lo8(2)
  72               	.LM7:
  73 0048 E92F      		mov r30,r25
  74 004a F0E0      		ldi r31,0
  75 004c F093 0000 		sts pind1_curr.4+1,r31
  76 0050 E093 0000 		sts pind1_curr.4,r30
  30:src/main.c    ****     if (pind0_prev && !pind0_curr) {
  78               	.LM8:
  79 0054 672B      		or r22,r23
  80 0056 01F0      		breq .L2
  82               	.LM9:
  83 0058 4111      		cpse r20,__zero_reg__
  84 005a 00C0      		rjmp .L2
  31:src/main.c    ****         atten = atten < 1 ? 11 : atten - 1;
  86               	.LM10:
  87 005c 8091 0000 		lds r24,atten.2
  89               	.LM11:
  90 0060 8823      		tst r24
  91 0062 01F4      		brne .+2
  92 0064 00C0      		rjmp .L8
  94               	.LM12:
  95 0066 8150      		subi r24,lo8(-(-1))
  96               	.L3:
  98               	.LM13:
  99 0068 8093 0000 		sts atten.2,r24
 100               	.L2:
  32:src/main.c    ****     }
  33:src/main.c    ****     if (pind1_prev && !pind1_curr) {
 102               	.LM14:
 103 006c 232B      		or r18,r19
 104 006e 01F0      		breq .L4
 106               	.LM15:
 107 0070 9111      		cpse r25,__zero_reg__
 108 0072 00C0      		rjmp .L4
  34:src/main.c    ****         atten = atten > 11 ? 1 : atten + 1;
 110               	.LM16:
 111 0074 8091 0000 		lds r24,atten.2
 113               	.LM17:
 114 0078 8C30      		cpi r24,lo8(12)
 115 007a 00F0      		brlo .+2
 116 007c 00C0      		rjmp .L9
 118               	.LM18:
 119 007e 8F5F      		subi r24,lo8(-(1))
 120               	.L5:
 122               	.LM19:
 123 0080 8093 0000 		sts atten.2,r24
 124               	.L4:
  35:src/main.c    ****     }
  36:src/main.c    ****     ADCSRA |= _BV(ADSC);
 126               	.LM20:
 127 0084 8091 7A00 		lds r24,122
 128 0088 8064      		ori r24,lo8(64)
 129 008a 8093 7A00 		sts 122,r24
 130               	.L6:
  37:src/main.c    ****     while (ADCSRA & _BV(ADSC)) {}
 132               	.LM21:
 133 008e 8091 7A00 		lds r24,122
 134 0092 86FD      		sbrc r24,6
 135 0094 00C0      		rjmp .L6
  38:src/main.c    ****     result = ADCH >> (atten / 2);
 137               	.LM22:
 138 0096 8091 7900 		lds r24,121
 140               	.LM23:
 141 009a 2091 0000 		lds r18,atten.2
 143               	.LM24:
 144 009e 90E0      		ldi r25,0
 146               	.LM25:
 147 00a0 322F      		mov r19,r18
 148 00a2 3695      		lsr r19
 150               	.LM26:
 151 00a4 00C0      		rjmp 2f
 152               		1:
 153 00a6 9595      		asr r25
 154 00a8 8795      		ror r24
 155               		2:
 156 00aa 3A95      		dec r19
 157 00ac 02F4      		brpl 1b
 159               	.LM27:
 160 00ae 482F      		mov r20,r24
  39:src/main.c    ****     result = atten % 2 ? result : result + (result >> 1);
 162               	.LM28:
 163 00b0 20FD      		sbrc r18,0
 164 00b2 00C0      		rjmp .L7
 166               	.LM29:
 167 00b4 4695      		lsr r20
 169               	.LM30:
 170 00b6 480F      		add r20,r24
 171               	.L7:
 173               	.LM31:
 174 00b8 4093 0000 		sts result.1,r20
  40:src/main.c    ****     PrintByte(str, "", result);
 176               	.LM32:
 177 00bc 60E0      		ldi r22,lo8(.LC0)
 178 00be 70E0      		ldi r23,hi8(.LC0)
 179 00c0 80E0      		ldi r24,lo8(str.0)
 180 00c2 90E0      		ldi r25,hi8(str.0)
 181 00c4 0E94 0000 		call PrintByte
  41:src/main.c    ****     LCD_MoveCursor(1, 1);
 183               	.LM33:
 184 00c8 61E0      		ldi r22,lo8(1)
 185 00ca 81E0      		ldi r24,lo8(1)
 186 00cc 0E94 0000 		call LCD_MoveCursor
  42:src/main.c    ****     LCD_WriteString(str);
 188               	.LM34:
 189 00d0 80E0      		ldi r24,lo8(str.0)
 190 00d2 90E0      		ldi r25,hi8(str.0)
 191 00d4 0E94 0000 		call LCD_WriteString
  43:src/main.c    ****     PORTD |= _BV(PIND5);
 193               	.LM35:
 194 00d8 5D9A      		sbi 0xb,5
  44:src/main.c    ****     OCR0A = result;
 196               	.LM36:
 197 00da 8091 0000 		lds r24,result.1
 198 00de 87BD      		out 0x27,r24
  45:src/main.c    ****     PORTD &= ~_BV(PIND5);
 200               	.LM37:
 201 00e0 5D98      		cbi 0xb,5
  46:src/main.c    ****     PORTD &= ~_BV(PIND4);
 203               	.LM38:
 204 00e2 5C98      		cbi 0xb,4
 205               	/* epilogue start */
  47:src/main.c    **** }
 207               	.LM39:
 208 00e4 FF91      		pop r31
 209 00e6 EF91      		pop r30
 210 00e8 BF91      		pop r27
 211 00ea AF91      		pop r26
 212 00ec 9F91      		pop r25
 213 00ee 8F91      		pop r24
 214 00f0 7F91      		pop r23
 215 00f2 6F91      		pop r22
 216 00f4 5F91      		pop r21
 217 00f6 4F91      		pop r20
 218 00f8 3F91      		pop r19
 219 00fa 2F91      		pop r18
 220 00fc 0F90      		pop r0
 221 00fe 0FBE      		out __SREG__,r0
 222 0100 0F90      		pop r0
 223 0102 1F90      		pop r1
 224 0104 1895      		reti
 225               	.L8:
  31:src/main.c    ****     }
 227               	.LM40:
 228 0106 8BE0      		ldi r24,lo8(11)
 229 0108 00C0      		rjmp .L3
 230               	.L9:
  34:src/main.c    ****     }
 232               	.LM41:
 233 010a 81E0      		ldi r24,lo8(1)
 234 010c 00C0      		rjmp .L5
 245               	.Lscope1:
 246               		.section	.text.startup,"ax",@progbits
 250               	.global	main
 252               	main:
  48:src/main.c    **** 
  49:src/main.c    **** // to obtain 1kSPS rate, main loop should last 1ms
  50:src/main.c    **** int main(void) {
 254               	.LM42:
 255               	.LFBB2:
 256               	/* prologue: function */
 257               	/* frame size = 0 */
 258               	/* stack size = 0 */
 259               	.L__stack_usage = 0
  51:src/main.c    ****     DDRB = 0xFF;
 261               	.LM43:
 262 0000 8FEF      		ldi r24,lo8(-1)
 263 0002 84B9      		out 0x4,r24
  52:src/main.c    ****     DDRC = 0xFC;
 265               	.LM44:
 266 0004 8CEF      		ldi r24,lo8(-4)
 267 0006 87B9      		out 0x7,r24
  53:src/main.c    ****     DDRD = 0xFC;
 269               	.LM45:
 270 0008 8AB9      		out 0xa,r24
  54:src/main.c    **** 
  55:src/main.c    ****     PRR &= ~_BV(PRADC);
 272               	.LM46:
 273 000a 8091 6400 		lds r24,100
 274 000e 8E7F      		andi r24,lo8(-2)
 275 0010 8093 6400 		sts 100,r24
  56:src/main.c    ****     PRR &= ~_BV(PRTIM0);
 277               	.LM47:
 278 0014 8091 6400 		lds r24,100
 279 0018 8F7D      		andi r24,lo8(-33)
 280 001a 8093 6400 		sts 100,r24
  57:src/main.c    ****     PRR &= ~_BV(PRTIM1);
 282               	.LM48:
 283 001e 8091 6400 		lds r24,100
 284 0022 877F      		andi r24,lo8(-9)
 285 0024 8093 6400 		sts 100,r24
  58:src/main.c    **** 
  59:src/main.c    ****     TCCR0A &= ~_BV(COM0A0);
 287               	.LM49:
 288 0028 84B5      		in r24,0x24
 289 002a 8F7B      		andi r24,lo8(-65)
 290 002c 84BD      		out 0x24,r24
  60:src/main.c    ****     TCCR0A |= _BV(COM0A1);
 292               	.LM50:
 293 002e 84B5      		in r24,0x24
 294 0030 8068      		ori r24,lo8(-128)
 295 0032 84BD      		out 0x24,r24
  61:src/main.c    **** 
  62:src/main.c    ****     TCCR0A &= ~_BV(COM0B0);
 297               	.LM51:
 298 0034 84B5      		in r24,0x24
 299 0036 8F7E      		andi r24,lo8(-17)
 300 0038 84BD      		out 0x24,r24
  63:src/main.c    ****     TCCR0A &= ~_BV(COM0B1);
 302               	.LM52:
 303 003a 84B5      		in r24,0x24
 304 003c 8F7D      		andi r24,lo8(-33)
 305 003e 84BD      		out 0x24,r24
  64:src/main.c    **** 
  65:src/main.c    ****     TCCR0A |= _BV(WGM00);
 307               	.LM53:
 308 0040 84B5      		in r24,0x24
 309 0042 8160      		ori r24,lo8(1)
 310 0044 84BD      		out 0x24,r24
  66:src/main.c    ****     TCCR0A |= _BV(WGM01);
 312               	.LM54:
 313 0046 84B5      		in r24,0x24
 314 0048 8260      		ori r24,lo8(2)
 315 004a 84BD      		out 0x24,r24
  67:src/main.c    ****     TCCR0B &= ~_BV(WGM02);
 317               	.LM55:
 318 004c 85B5      		in r24,0x25
 319 004e 877F      		andi r24,lo8(-9)
 320 0050 85BD      		out 0x25,r24
  68:src/main.c    **** 
  69:src/main.c    ****     TCCR0B |= _BV(CS00);
 322               	.LM56:
 323 0052 85B5      		in r24,0x25
 324 0054 8160      		ori r24,lo8(1)
 325 0056 85BD      		out 0x25,r24
  70:src/main.c    ****     TCCR0B &= ~_BV(CS01);
 327               	.LM57:
 328 0058 85B5      		in r24,0x25
 329 005a 8D7F      		andi r24,lo8(-3)
 330 005c 85BD      		out 0x25,r24
  71:src/main.c    ****     TCCR0B &= ~_BV(CS02);
 332               	.LM58:
 333 005e 85B5      		in r24,0x25
 334 0060 8B7F      		andi r24,lo8(-5)
 335 0062 85BD      		out 0x25,r24
  72:src/main.c    **** 
  73:src/main.c    ****     TCCR0B &= ~_BV(FOC0A);
 337               	.LM59:
 338 0064 85B5      		in r24,0x25
 339 0066 8F77      		andi r24,lo8(127)
 340 0068 85BD      		out 0x25,r24
  74:src/main.c    ****     TCCR0B &= ~_BV(FOC0B);
 342               	.LM60:
 343 006a 85B5      		in r24,0x25
 344 006c 8F7B      		andi r24,lo8(-65)
 345 006e 85BD      		out 0x25,r24
  75:src/main.c    **** 
  76:src/main.c    ****     TCCR1A &= ~_BV(WGM10);
 347               	.LM61:
 348 0070 8091 8000 		lds r24,128
 349 0074 8E7F      		andi r24,lo8(-2)
 350 0076 8093 8000 		sts 128,r24
  77:src/main.c    ****     TCCR1A &= ~_BV(WGM11);
 352               	.LM62:
 353 007a 8091 8000 		lds r24,128
 354 007e 8D7F      		andi r24,lo8(-3)
 355 0080 8093 8000 		sts 128,r24
  78:src/main.c    ****     TCCR1A &= ~_BV(COM1A0);
 357               	.LM63:
 358 0084 8091 8000 		lds r24,128
 359 0088 8F7B      		andi r24,lo8(-65)
 360 008a 8093 8000 		sts 128,r24
  79:src/main.c    ****     TCCR1A &= ~_BV(COM1A1);
 362               	.LM64:
 363 008e 8091 8000 		lds r24,128
 364 0092 8F77      		andi r24,lo8(127)
 365 0094 8093 8000 		sts 128,r24
  80:src/main.c    ****     TCCR1A &= ~_BV(COM1B0);
 367               	.LM65:
 368 0098 8091 8000 		lds r24,128
 369 009c 8F7E      		andi r24,lo8(-17)
 370 009e 8093 8000 		sts 128,r24
  81:src/main.c    ****     TCCR1A &= ~_BV(COM1B1);
 372               	.LM66:
 373 00a2 8091 8000 		lds r24,128
 374 00a6 8F7D      		andi r24,lo8(-33)
 375 00a8 8093 8000 		sts 128,r24
  82:src/main.c    **** 
  83:src/main.c    ****     TCCR1B |= _BV(WGM12);
 377               	.LM67:
 378 00ac 8091 8100 		lds r24,129
 379 00b0 8860      		ori r24,lo8(8)
 380 00b2 8093 8100 		sts 129,r24
  84:src/main.c    ****     TCCR1B &= ~_BV(WGM13);
 382               	.LM68:
 383 00b6 8091 8100 		lds r24,129
 384 00ba 8F7E      		andi r24,lo8(-17)
 385 00bc 8093 8100 		sts 129,r24
  85:src/main.c    **** 
  86:src/main.c    ****     TCCR1B &= ~_BV(CS10);
 387               	.LM69:
 388 00c0 8091 8100 		lds r24,129
 389 00c4 8E7F      		andi r24,lo8(-2)
 390 00c6 8093 8100 		sts 129,r24
  87:src/main.c    ****     TCCR1B |= _BV(CS11);
 392               	.LM70:
 393 00ca 8091 8100 		lds r24,129
 394 00ce 8260      		ori r24,lo8(2)
 395 00d0 8093 8100 		sts 129,r24
  88:src/main.c    ****     TCCR1B &= ~_BV(CS12);
 397               	.LM71:
 398 00d4 8091 8100 		lds r24,129
 399 00d8 8B7F      		andi r24,lo8(-5)
 400 00da 8093 8100 		sts 129,r24
  89:src/main.c    **** 
  90:src/main.c    ****     TCCR1C &= ~_BV(FOC1A);
 402               	.LM72:
 403 00de 8091 8200 		lds r24,130
 404 00e2 8F77      		andi r24,lo8(127)
 405 00e4 8093 8200 		sts 130,r24
  91:src/main.c    ****     TCCR1C &= ~_BV(FOC1B);
 407               	.LM73:
 408 00e8 8091 8200 		lds r24,130
 409 00ec 8F7B      		andi r24,lo8(-65)
 410 00ee 8093 8200 		sts 130,r24
  92:src/main.c    **** 
  93:src/main.c    ****     TIMSK1 |= _BV(OCIE1A);
 412               	.LM74:
 413 00f2 8091 6F00 		lds r24,111
 414 00f6 8260      		ori r24,lo8(2)
 415 00f8 8093 6F00 		sts 111,r24
  94:src/main.c    **** 
  95:src/main.c    ****     OCR1A = 0x03E8;
 417               	.LM75:
 418 00fc 88EE      		ldi r24,lo8(-24)
 419 00fe 93E0      		ldi r25,lo8(3)
 420 0100 9093 8900 		sts 136+1,r25
 421 0104 8093 8800 		sts 136,r24
  96:src/main.c    **** 
  97:src/main.c    ****     ADCSRA |= _BV(ADEN);
 423               	.LM76:
 424 0108 8091 7A00 		lds r24,122
 425 010c 8068      		ori r24,lo8(-128)
 426 010e 8093 7A00 		sts 122,r24
  98:src/main.c    ****     ADCSRA &= ~_BV(ADPS0);
 428               	.LM77:
 429 0112 8091 7A00 		lds r24,122
 430 0116 8E7F      		andi r24,lo8(-2)
 431 0118 8093 7A00 		sts 122,r24
  99:src/main.c    ****     ADCSRA |= _BV(ADPS1);
 433               	.LM78:
 434 011c 8091 7A00 		lds r24,122
 435 0120 8260      		ori r24,lo8(2)
 436 0122 8093 7A00 		sts 122,r24
 100:src/main.c    ****     ADCSRA |= _BV(ADPS2);
 438               	.LM79:
 439 0126 8091 7A00 		lds r24,122
 440 012a 8460      		ori r24,lo8(4)
 441 012c 8093 7A00 		sts 122,r24
 101:src/main.c    **** 
 102:src/main.c    ****     ADMUX &= ~_BV(REFS0);
 443               	.LM80:
 444 0130 8091 7C00 		lds r24,124
 445 0134 8F7B      		andi r24,lo8(-65)
 446 0136 8093 7C00 		sts 124,r24
 103:src/main.c    ****     ADMUX &= ~_BV(REFS1);
 448               	.LM81:
 449 013a 8091 7C00 		lds r24,124
 450 013e 8F77      		andi r24,lo8(127)
 451 0140 8093 7C00 		sts 124,r24
 104:src/main.c    ****     ADMUX |= _BV(ADLAR);
 453               	.LM82:
 454 0144 8091 7C00 		lds r24,124
 455 0148 8062      		ori r24,lo8(32)
 456 014a 8093 7C00 		sts 124,r24
 105:src/main.c    ****     ADMUX |= _BV(MUX0);
 458               	.LM83:
 459 014e 8091 7C00 		lds r24,124
 460 0152 8160      		ori r24,lo8(1)
 461 0154 8093 7C00 		sts 124,r24
 106:src/main.c    ****     ADMUX &= ~_BV(MUX1);
 463               	.LM84:
 464 0158 8091 7C00 		lds r24,124
 465 015c 8D7F      		andi r24,lo8(-3)
 466 015e 8093 7C00 		sts 124,r24
 107:src/main.c    ****     ADMUX &= ~_BV(MUX2);
 468               	.LM85:
 469 0162 8091 7C00 		lds r24,124
 470 0166 8B7F      		andi r24,lo8(-5)
 471 0168 8093 7C00 		sts 124,r24
 108:src/main.c    ****     ADMUX &= ~_BV(MUX3);
 473               	.LM86:
 474 016c 8091 7C00 		lds r24,124
 475 0170 877F      		andi r24,lo8(-9)
 476 0172 8093 7C00 		sts 124,r24
 109:src/main.c    **** 
 110:src/main.c    ****     LCD_Init();
 478               	.LM87:
 479 0176 0E94 0000 		call LCD_Init
 111:src/main.c    ****     sei();
 481               	.LM88:
 482               	/* #APP */
 483               	 ;  111 "src/main.c" 1
 484 017a 7894      		sei
 485               	 ;  0 "" 2
 486               	/* #NOAPP */
 487               	.L18:
 488 017c 00C0      		rjmp .L18
 490               	.Lscope2:
 491               		.local	str.0
 492               		.comm	str.0,16,1
 494               		.local	result.1
 495               		.comm	result.1,1,1
 497               		.data
 500               	atten.2:
 501 0000 01        		.byte	1
 503               		.local	pind1_curr.4
 504               		.comm	pind1_curr.4,2,1
 506               		.local	pind0_curr.6
 507               		.comm	pind0_curr.6,2,1
 509               		.text
 511               	.Letext0:
 512               		.ident	"GCC: (GNU) 11.2.0"
 513               	.global __do_copy_data
 514               	.global __do_clear_bss
DEFINED SYMBOLS
                            *ABS*:0000000000000000 main.c
     /tmp/ccUCXmOF.s:2      *ABS*:000000000000003e __SP_H__
     /tmp/ccUCXmOF.s:3      *ABS*:000000000000003d __SP_L__
     /tmp/ccUCXmOF.s:4      *ABS*:000000000000003f __SREG__
     /tmp/ccUCXmOF.s:5      *ABS*:0000000000000000 __tmp_reg__
     /tmp/ccUCXmOF.s:6      *ABS*:0000000000000001 __zero_reg__
     /tmp/ccUCXmOF.s:21     .text:0000000000000000 __vector_11
     /tmp/ccUCXmOF.s:504    .bss:0000000000000013 pind0_curr.6
     /tmp/ccUCXmOF.s:495    .bss:0000000000000011 pind1_curr.4
     /tmp/ccUCXmOF.s:500    .data:0000000000000000 atten.2
     /tmp/ccUCXmOF.s:492    .bss:0000000000000010 result.1
                             .bss:0000000000000000 str.0
     /tmp/ccUCXmOF.s:252    .text.startup:0000000000000000 main

UNDEFINED SYMBOLS
PrintByte
LCD_MoveCursor
LCD_WriteString
LCD_Init
__do_copy_data
__do_clear_bss
